C:\Users\vmiranda\Documents\Sources\SmartToolsFront\App.SmartToolsFront.Web\app\app.constants.js
C:\Users\vmiranda\Documents\Sources\SmartToolsFront\App.SmartToolsFront.Web\app\app.constants.js.map
C:\Users\vmiranda\Documents\Sources\SmartToolsFront\App.SmartToolsFront.Web\app\services\productos.service.js
C:\Users\vmiranda\Documents\Sources\SmartToolsFront\App.SmartToolsFront.Web\app\services\productos.service.js.map
C:\Users\vmiranda\Documents\Sources\SmartToolsFront\App.SmartToolsFront.Web\app\services\carrito.service.js
C:\Users\vmiranda\Documents\Sources\SmartToolsFront\App.SmartToolsFront.Web\app\services\carrito.service.js.map
C:\Users\vmiranda\Documents\Sources\SmartToolsFront\App.SmartToolsFront.Web\app\services\notify.service.js
C:\Users\vmiranda\Documents\Sources\SmartToolsFront\App.SmartToolsFront.Web\app\services\notify.service.js.map
C:\Users\vmiranda\Documents\Sources\SmartToolsFront\App.SmartToolsFront.Web\app\services\loader.service.js
C:\Users\vmiranda\Documents\Sources\SmartToolsFront\App.SmartToolsFront.Web\app\services\loader.service.js.map
C:\Users\vmiranda\Documents\Sources\SmartToolsFront\App.SmartToolsFront.Web\app\services\categorias.service.js
C:\Users\vmiranda\Documents\Sources\SmartToolsFront\App.SmartToolsFront.Web\app\services\categorias.service.js.map
C:\Users\vmiranda\Documents\Sources\SmartToolsFront\App.SmartToolsFront.Web\app\services\banners.service.js
C:\Users\vmiranda\Documents\Sources\SmartToolsFront\App.SmartToolsFront.Web\app\services\banners.service.js.map
C:\Users\vmiranda\Documents\Sources\SmartToolsFront\App.SmartToolsFront.Web\app\services\suscripciones.service.js
C:\Users\vmiranda\Documents\Sources\SmartToolsFront\App.SmartToolsFront.Web\app\services\suscripciones.service.js.map
C:\Users\vmiranda\Documents\Sources\SmartToolsFront\App.SmartToolsFront.Web\app\components\home\home.component.js
C:\Users\vmiranda\Documents\Sources\SmartToolsFront\App.SmartToolsFront.Web\app\components\home\home.component.js.map
C:\Users\vmiranda\Documents\Sources\SmartToolsFront\App.SmartToolsFront.Web\app\components\about\about.component.js
C:\Users\vmiranda\Documents\Sources\SmartToolsFront\App.SmartToolsFront.Web\app\components\about\about.component.js.map
C:\Users\vmiranda\Documents\Sources\SmartToolsFront\App.SmartToolsFront.Web\app\services\mail.service.js
C:\Users\vmiranda\Documents\Sources\SmartToolsFront\App.SmartToolsFront.Web\app\services\mail.service.js.map
C:\Users\vmiranda\Documents\Sources\SmartToolsFront\App.SmartToolsFront.Web\app\components\contactus\contactus.component.js
C:\Users\vmiranda\Documents\Sources\SmartToolsFront\App.SmartToolsFront.Web\app\components\contactus\contactus.component.js.map
C:\Users\vmiranda\Documents\Sources\SmartToolsFront\App.SmartToolsFront.Web\app\components\products\details\details.component.js
C:\Users\vmiranda\Documents\Sources\SmartToolsFront\App.SmartToolsFront.Web\app\components\products\details\details.component.js.map
C:\Users\vmiranda\Documents\Sources\SmartToolsFront\App.SmartToolsFront.Web\app\services\parametros.service.js
C:\Users\vmiranda\Documents\Sources\SmartToolsFront\App.SmartToolsFront.Web\app\services\parametros.service.js.map
C:\Users\vmiranda\Documents\Sources\SmartToolsFront\App.SmartToolsFront.Web\app\components\products\successfull\successfull.component.js
C:\Users\vmiranda\Documents\Sources\SmartToolsFront\App.SmartToolsFront.Web\app\components\products\successfull\successfull.component.js.map
C:\Users\vmiranda\Documents\Sources\SmartToolsFront\App.SmartToolsFront.Web\app\services\condicionventa.service.js
C:\Users\vmiranda\Documents\Sources\SmartToolsFront\App.SmartToolsFront.Web\app\services\condicionventa.service.js.map
C:\Users\vmiranda\Documents\Sources\SmartToolsFront\App.SmartToolsFront.Web\app\services\condicionventatipopago.service.js
C:\Users\vmiranda\Documents\Sources\SmartToolsFront\App.SmartToolsFront.Web\app\services\condicionventatipopago.service.js.map
C:\Users\vmiranda\Documents\Sources\SmartToolsFront\App.SmartToolsFront.Web\app\services\venta.service.js
C:\Users\vmiranda\Documents\Sources\SmartToolsFront\App.SmartToolsFront.Web\app\services\venta.service.js.map
C:\Users\vmiranda\Documents\Sources\SmartToolsFront\App.SmartToolsFront.Web\app\services\cliente.service.js
C:\Users\vmiranda\Documents\Sources\SmartToolsFront\App.SmartToolsFront.Web\app\services\cliente.service.js.map
C:\Users\vmiranda\Documents\Sources\SmartToolsFront\App.SmartToolsFront.Web\app\services\cupones.service.js
C:\Users\vmiranda\Documents\Sources\SmartToolsFront\App.SmartToolsFront.Web\app\services\cupones.service.js.map
C:\Users\vmiranda\Documents\Sources\SmartToolsFront\App.SmartToolsFront.Web\app\services\ubicacion.service.js
C:\Users\vmiranda\Documents\Sources\SmartToolsFront\App.SmartToolsFront.Web\app\services\ubicacion.service.js.map
C:\Users\vmiranda\Documents\Sources\SmartToolsFront\App.SmartToolsFront.Web\app\services\tipodespacho.service.js
C:\Users\vmiranda\Documents\Sources\SmartToolsFront\App.SmartToolsFront.Web\app\services\tipodespacho.service.js.map
C:\Users\vmiranda\Documents\Sources\SmartToolsFront\App.SmartToolsFront.Web\app\components\products\shoppingcart\shoppingcart.component.js
C:\Users\vmiranda\Documents\Sources\SmartToolsFront\App.SmartToolsFront.Web\app\components\products\shoppingcart\shoppingcart.component.js.map
C:\Users\vmiranda\Documents\Sources\SmartToolsFront\App.SmartToolsFront.Web\app\services\giro.services.js
C:\Users\vmiranda\Documents\Sources\SmartToolsFront\App.SmartToolsFront.Web\app\services\giro.services.js.map
C:\Users\vmiranda\Documents\Sources\SmartToolsFront\App.SmartToolsFront.Web\app\components\register\register.component.js
C:\Users\vmiranda\Documents\Sources\SmartToolsFront\App.SmartToolsFront.Web\app\components\register\register.component.js.map
C:\Users\vmiranda\Documents\Sources\SmartToolsFront\App.SmartToolsFront.Web\app\components\login\login.component.js
C:\Users\vmiranda\Documents\Sources\SmartToolsFront\App.SmartToolsFront.Web\app\components\login\login.component.js.map
C:\Users\vmiranda\Documents\Sources\SmartToolsFront\App.SmartToolsFront.Web\app\components\search\search.component.js
C:\Users\vmiranda\Documents\Sources\SmartToolsFront\App.SmartToolsFront.Web\app\components\search\search.component.js.map
C:\Users\vmiranda\Documents\Sources\SmartToolsFront\App.SmartToolsFront.Web\app\components\search\searchcategoria.component.js
C:\Users\vmiranda\Documents\Sources\SmartToolsFront\App.SmartToolsFront.Web\app\components\search\searchcategoria.component.js.map
C:\Users\vmiranda\Documents\Sources\SmartToolsFront\App.SmartToolsFront.Web\app\components\location\location.component.js
C:\Users\vmiranda\Documents\Sources\SmartToolsFront\App.SmartToolsFront.Web\app\components\location\location.component.js.map
C:\Users\vmiranda\Documents\Sources\SmartToolsFront\App.SmartToolsFront.Web\app\components\passrecover\passrecover.component.js
C:\Users\vmiranda\Documents\Sources\SmartToolsFront\App.SmartToolsFront.Web\app\components\passrecover\passrecover.component.js.map
C:\Users\vmiranda\Documents\Sources\SmartToolsFront\App.SmartToolsFront.Web\app\services\registralumio.service.js
C:\Users\vmiranda\Documents\Sources\SmartToolsFront\App.SmartToolsFront.Web\app\services\registralumio.service.js.map
C:\Users\vmiranda\Documents\Sources\SmartToolsFront\App.SmartToolsFront.Web\app\components\limio\limio.component.js
C:\Users\vmiranda\Documents\Sources\SmartToolsFront\App.SmartToolsFront.Web\app\components\limio\limio.component.js.map
C:\Users\vmiranda\Documents\Sources\SmartToolsFront\App.SmartToolsFront.Web\app\components\profile\profile.component.js
C:\Users\vmiranda\Documents\Sources\SmartToolsFront\App.SmartToolsFront.Web\app\components\profile\profile.component.js.map
C:\Users\vmiranda\Documents\Sources\SmartToolsFront\App.SmartToolsFront.Web\app\components\pagotbk\pagotbk.component.js
C:\Users\vmiranda\Documents\Sources\SmartToolsFront\App.SmartToolsFront.Web\app\components\pagotbk\pagotbk.component.js.map
C:\Users\vmiranda\Documents\Sources\SmartToolsFront\App.SmartToolsFront.Web\app\app.routes.js
C:\Users\vmiranda\Documents\Sources\SmartToolsFront\App.SmartToolsFront.Web\app\app.routes.js.map
C:\Users\vmiranda\Documents\Sources\SmartToolsFront\App.SmartToolsFront.Web\app\pipes\sinimagen.pipe.js
C:\Users\vmiranda\Documents\Sources\SmartToolsFront\App.SmartToolsFront.Web\app\pipes\sinimagen.pipe.js.map
C:\Users\vmiranda\Documents\Sources\SmartToolsFront\App.SmartToolsFront.Web\app\pipes\searchfilter.pipe.js
C:\Users\vmiranda\Documents\Sources\SmartToolsFront\App.SmartToolsFront.Web\app\pipes\searchfilter.pipe.js.map
C:\Users\vmiranda\Documents\Sources\SmartToolsFront\App.SmartToolsFront.Web\app\pipes\categoria.pipe.js
C:\Users\vmiranda\Documents\Sources\SmartToolsFront\App.SmartToolsFront.Web\app\pipes\categoria.pipe.js.map
C:\Users\vmiranda\Documents\Sources\SmartToolsFront\App.SmartToolsFront.Web\app\pipes\categoriamenu.pipe.js
C:\Users\vmiranda\Documents\Sources\SmartToolsFront\App.SmartToolsFront.Web\app\pipes\categoriamenu.pipe.js.map
C:\Users\vmiranda\Documents\Sources\SmartToolsFront\App.SmartToolsFront.Web\app\pipes\monto.pipe.js
C:\Users\vmiranda\Documents\Sources\SmartToolsFront\App.SmartToolsFront.Web\app\pipes\monto.pipe.js.map
C:\Users\vmiranda\Documents\Sources\SmartToolsFront\App.SmartToolsFront.Web\app\pipes\banner.pipe.js
C:\Users\vmiranda\Documents\Sources\SmartToolsFront\App.SmartToolsFront.Web\app\pipes\banner.pipe.js.map
C:\Users\vmiranda\Documents\Sources\SmartToolsFront\App.SmartToolsFront.Web\app\pipes\productosdestacados.pipe.js
C:\Users\vmiranda\Documents\Sources\SmartToolsFront\App.SmartToolsFront.Web\app\pipes\productosdestacados.pipe.js.map
C:\Users\vmiranda\Documents\Sources\SmartToolsFront\App.SmartToolsFront.Web\app\app.component.js
C:\Users\vmiranda\Documents\Sources\SmartToolsFront\App.SmartToolsFront.Web\app\app.component.js.map
C:\Users\vmiranda\Documents\Sources\SmartToolsFront\App.SmartToolsFront.Web\app\components\shared\navbar\navbar.component.js
C:\Users\vmiranda\Documents\Sources\SmartToolsFront\App.SmartToolsFront.Web\app\components\shared\navbar\navbar.component.js.map
C:\Users\vmiranda\Documents\Sources\SmartToolsFront\App.SmartToolsFront.Web\app\components\shared\footer\footer.component.js
C:\Users\vmiranda\Documents\Sources\SmartToolsFront\App.SmartToolsFront.Web\app\components\shared\footer\footer.component.js.map
C:\Users\vmiranda\Documents\Sources\SmartToolsFront\App.SmartToolsFront.Web\app\app.module.js
C:\Users\vmiranda\Documents\Sources\SmartToolsFront\App.SmartToolsFront.Web\app\app.module.js.map
C:\Users\vmiranda\Documents\Sources\SmartToolsFront\App.SmartToolsFront.Web\main.js
C:\Users\vmiranda\Documents\Sources\SmartToolsFront\App.SmartToolsFront.Web\main.js.map
C:\Users\vmiranda\Documents\Sources\SmartToolsFront\App.SmartToolsFront.Web\app\app.component.spec.js
C:\Users\vmiranda\Documents\Sources\SmartToolsFront\App.SmartToolsFront.Web\app\app.component.spec.js.map
C:\Users\vmiranda\Documents\Sources\SmartToolsFront\App.SmartToolsFront.Web\enviroments\environment.prod.js
C:\Users\vmiranda\Documents\Sources\SmartToolsFront\App.SmartToolsFront.Web\enviroments\environment.prod.js.map
C:\Users\vmiranda\Documents\Sources\SmartToolsFront\App.SmartToolsFront.Web\enviroments\environment.js
C:\Users\vmiranda\Documents\Sources\SmartToolsFront\App.SmartToolsFront.Web\enviroments\environment.js.map
